The system is: Linux - 5.4.34-0-lts - x86_64
Compiling the C compiler identification source file "CMakeCCompilerId.c" succeeded.
Compiler: /usr/bin/cc 
Build flags: 
Id flags:  

The output was:
0


Compilation of the C compiler identification source "CMakeCCompilerId.c" produced "a.out"

The C compiler identification is GNU, found in "/home/dan/repos/tuitube/build/CMakeFiles/3.17.2/CompilerIdC/a.out"

Compiling the CXX compiler identification source file "CMakeCXXCompilerId.cpp" succeeded.
Compiler: /usr/bin/c++ 
Build flags: 
Id flags:  

The output was:
0


Compilation of the CXX compiler identification source "CMakeCXXCompilerId.cpp" produced "a.out"

The CXX compiler identification is GNU, found in "/home/dan/repos/tuitube/build/CMakeFiles/3.17.2/CompilerIdCXX/a.out"

Determining if the C compiler works passed with the following output:
Change Dir: /home/dan/repos/tuitube/build/CMakeFiles/CMakeTmp

Run Build Command(s):/usr/bin/make cmTC_0d0c8/fast && /usr/bin/make  -f CMakeFiles/cmTC_0d0c8.dir/build.make CMakeFiles/cmTC_0d0c8.dir/build
make[1]: Entering directory '/home/dan/repos/tuitube/build/CMakeFiles/CMakeTmp'
Building C object CMakeFiles/cmTC_0d0c8.dir/testCCompiler.c.o
/usr/bin/cc    -o CMakeFiles/cmTC_0d0c8.dir/testCCompiler.c.o   -c /home/dan/repos/tuitube/build/CMakeFiles/CMakeTmp/testCCompiler.c
Linking C executable cmTC_0d0c8
/usr/bin/cmake -E cmake_link_script CMakeFiles/cmTC_0d0c8.dir/link.txt --verbose=1
/usr/bin/cc      -rdynamic CMakeFiles/cmTC_0d0c8.dir/testCCompiler.c.o  -o cmTC_0d0c8 
make[1]: Leaving directory '/home/dan/repos/tuitube/build/CMakeFiles/CMakeTmp'



Detecting C compiler ABI info compiled with the following output:
Change Dir: /home/dan/repos/tuitube/build/CMakeFiles/CMakeTmp

Run Build Command(s):/usr/bin/make cmTC_18d65/fast && /usr/bin/make  -f CMakeFiles/cmTC_18d65.dir/build.make CMakeFiles/cmTC_18d65.dir/build
make[1]: Entering directory '/home/dan/repos/tuitube/build/CMakeFiles/CMakeTmp'
Building C object CMakeFiles/cmTC_18d65.dir/CMakeCCompilerABI.c.o
/usr/bin/cc   -v -o CMakeFiles/cmTC_18d65.dir/CMakeCCompilerABI.c.o   -c /usr/share/cmake/Modules/CMakeCCompilerABI.c
Using built-in specs.
COLLECT_GCC=/usr/bin/cc
Target: x86_64-alpine-linux-musl
Configured with: /home/buildozer/aports/main/gcc/src/gcc-9.3.0/configure --prefix=/usr --mandir=/usr/share/man --infodir=/usr/share/info --build=x86_64-alpine-linux-musl --host=x86_64-alpine-linux-musl --target=x86_64-alpine-linux-musl --with-pkgversion='Alpine 9.3.0' --enable-checking=release --disable-fixed-point --disable-libstdcxx-pch --disable-multilib --disable-nls --disable-werror --disable-symvers --enable-__cxa_atexit --enable-default-pie --enable-default-ssp --enable-cloog-backend --enable-languages=c,c++,d,objc,fortran,ada --disable-libssp --disable-libmpx --disable-libmudflap --disable-libsanitizer --enable-shared --enable-threads --enable-tls --with-system-zlib --with-linker-hash-style=gnu
Thread model: posix
gcc version 9.3.0 (Alpine 9.3.0) 
COLLECT_GCC_OPTIONS='-v' '-o' 'CMakeFiles/cmTC_18d65.dir/CMakeCCompilerABI.c.o' '-c' '-mtune=generic' '-march=x86-64'
 /usr/libexec/gcc/x86_64-alpine-linux-musl/9.3.0/cc1 -quiet -v /usr/share/cmake/Modules/CMakeCCompilerABI.c -quiet -dumpbase CMakeCCompilerABI.c -mtune=generic -march=x86-64 -auxbase-strip CMakeFiles/cmTC_18d65.dir/CMakeCCompilerABI.c.o -version -o /tmp/ccIKPblN.s
GNU C17 (Alpine 9.3.0) version 9.3.0 (x86_64-alpine-linux-musl)
	compiled by GNU C version 9.3.0, GMP version 6.2.0, MPFR version 4.0.2, MPC version 1.1.0, isl version isl-0.18-GMP

GGC heuristics: --param ggc-min-expand=100 --param ggc-min-heapsize=131072
ignoring nonexistent directory "/usr/lib/gcc/x86_64-alpine-linux-musl/9.3.0/../../../../x86_64-alpine-linux-musl/include"
#include "..." search starts here:
#include <...> search starts here:
 /usr/local/include
 /usr/include/fortify
 /usr/include
 /usr/lib/gcc/x86_64-alpine-linux-musl/9.3.0/include
End of search list.
GNU C17 (Alpine 9.3.0) version 9.3.0 (x86_64-alpine-linux-musl)
	compiled by GNU C version 9.3.0, GMP version 6.2.0, MPFR version 4.0.2, MPC version 1.1.0, isl version isl-0.18-GMP

GGC heuristics: --param ggc-min-expand=100 --param ggc-min-heapsize=131072
Compiler executable checksum: 501c05d615d8f797a5937479b6573636
COLLECT_GCC_OPTIONS='-v' '-o' 'CMakeFiles/cmTC_18d65.dir/CMakeCCompilerABI.c.o' '-c' '-mtune=generic' '-march=x86-64'
 /usr/lib/gcc/x86_64-alpine-linux-musl/9.3.0/../../../../x86_64-alpine-linux-musl/bin/as -v --64 -o CMakeFiles/cmTC_18d65.dir/CMakeCCompilerABI.c.o /tmp/ccIKPblN.s
GNU assembler version 2.34 (x86_64-alpine-linux-musl) using BFD version (GNU Binutils) 2.34
COMPILER_PATH=/usr/libexec/gcc/x86_64-alpine-linux-musl/9.3.0/:/usr/libexec/gcc/x86_64-alpine-linux-musl/9.3.0/:/usr/libexec/gcc/x86_64-alpine-linux-musl/:/usr/lib/gcc/x86_64-alpine-linux-musl/9.3.0/:/usr/lib/gcc/x86_64-alpine-linux-musl/:/usr/lib/gcc/x86_64-alpine-linux-musl/9.3.0/../../../../x86_64-alpine-linux-musl/bin/
LIBRARY_PATH=/usr/lib/gcc/x86_64-alpine-linux-musl/9.3.0/:/usr/lib/gcc/x86_64-alpine-linux-musl/9.3.0/../../../../x86_64-alpine-linux-musl/lib/../lib/:/usr/lib/gcc/x86_64-alpine-linux-musl/9.3.0/../../../../lib/:/lib/../lib/:/usr/lib/../lib/:/usr/lib/gcc/x86_64-alpine-linux-musl/9.3.0/../../../../x86_64-alpine-linux-musl/lib/:/usr/lib/gcc/x86_64-alpine-linux-musl/9.3.0/../../../:/lib/:/usr/lib/
COLLECT_GCC_OPTIONS='-v' '-o' 'CMakeFiles/cmTC_18d65.dir/CMakeCCompilerABI.c.o' '-c' '-mtune=generic' '-march=x86-64'
Linking C executable cmTC_18d65
/usr/bin/cmake -E cmake_link_script CMakeFiles/cmTC_18d65.dir/link.txt --verbose=1
/usr/bin/cc     -v -rdynamic CMakeFiles/cmTC_18d65.dir/CMakeCCompilerABI.c.o  -o cmTC_18d65 
Using built-in specs.
COLLECT_GCC=/usr/bin/cc
COLLECT_LTO_WRAPPER=/usr/libexec/gcc/x86_64-alpine-linux-musl/9.3.0/lto-wrapper
Target: x86_64-alpine-linux-musl
Configured with: /home/buildozer/aports/main/gcc/src/gcc-9.3.0/configure --prefix=/usr --mandir=/usr/share/man --infodir=/usr/share/info --build=x86_64-alpine-linux-musl --host=x86_64-alpine-linux-musl --target=x86_64-alpine-linux-musl --with-pkgversion='Alpine 9.3.0' --enable-checking=release --disable-fixed-point --disable-libstdcxx-pch --disable-multilib --disable-nls --disable-werror --disable-symvers --enable-__cxa_atexit --enable-default-pie --enable-default-ssp --enable-cloog-backend --enable-languages=c,c++,d,objc,fortran,ada --disable-libssp --disable-libmpx --disable-libmudflap --disable-libsanitizer --enable-shared --enable-threads --enable-tls --with-system-zlib --with-linker-hash-style=gnu
Thread model: posix
gcc version 9.3.0 (Alpine 9.3.0) 
COMPILER_PATH=/usr/libexec/gcc/x86_64-alpine-linux-musl/9.3.0/:/usr/libexec/gcc/x86_64-alpine-linux-musl/9.3.0/:/usr/libexec/gcc/x86_64-alpine-linux-musl/:/usr/lib/gcc/x86_64-alpine-linux-musl/9.3.0/:/usr/lib/gcc/x86_64-alpine-linux-musl/:/usr/lib/gcc/x86_64-alpine-linux-musl/9.3.0/../../../../x86_64-alpine-linux-musl/bin/
LIBRARY_PATH=/usr/lib/gcc/x86_64-alpine-linux-musl/9.3.0/:/usr/lib/gcc/x86_64-alpine-linux-musl/9.3.0/../../../../x86_64-alpine-linux-musl/lib/../lib/:/usr/lib/gcc/x86_64-alpine-linux-musl/9.3.0/../../../../lib/:/lib/../lib/:/usr/lib/../lib/:/usr/lib/gcc/x86_64-alpine-linux-musl/9.3.0/../../../../x86_64-alpine-linux-musl/lib/:/usr/lib/gcc/x86_64-alpine-linux-musl/9.3.0/../../../:/lib/:/usr/lib/
COLLECT_GCC_OPTIONS='-v' '-rdynamic' '-o' 'cmTC_18d65' '-mtune=generic' '-march=x86-64'
 /usr/libexec/gcc/x86_64-alpine-linux-musl/9.3.0/collect2 -plugin /usr/libexec/gcc/x86_64-alpine-linux-musl/9.3.0/liblto_plugin.so -plugin-opt=/usr/libexec/gcc/x86_64-alpine-linux-musl/9.3.0/lto-wrapper -plugin-opt=-fresolution=/tmp/ccfgmfcD.res -plugin-opt=-pass-through=-lgcc -plugin-opt=-pass-through=-lgcc_s -plugin-opt=-pass-through=-lc -plugin-opt=-pass-through=-lgcc -plugin-opt=-pass-through=-lgcc_s --eh-frame-hdr --hash-style=gnu -m elf_x86_64 --as-needed -export-dynamic -dynamic-linker /lib/ld-musl-x86_64.so.1 -pie -z relro -z now -o cmTC_18d65 /usr/lib/gcc/x86_64-alpine-linux-musl/9.3.0/../../../../lib/Scrt1.o /usr/lib/gcc/x86_64-alpine-linux-musl/9.3.0/../../../../lib/crti.o /usr/lib/gcc/x86_64-alpine-linux-musl/9.3.0/crtbeginS.o -L/usr/lib/gcc/x86_64-alpine-linux-musl/9.3.0 -L/usr/lib/gcc/x86_64-alpine-linux-musl/9.3.0/../../../../x86_64-alpine-linux-musl/lib/../lib -L/usr/lib/gcc/x86_64-alpine-linux-musl/9.3.0/../../../../lib -L/lib/../lib -L/usr/lib/../lib -L/usr/lib/gcc/x86_64-alpine-linux-musl/9.3.0/../../../../x86_64-alpine-linux-musl/lib -L/usr/lib/gcc/x86_64-alpine-linux-musl/9.3.0/../../.. CMakeFiles/cmTC_18d65.dir/CMakeCCompilerABI.c.o -lssp_nonshared -lgcc --push-state --as-needed -lgcc_s --pop-state -lc -lgcc --push-state --as-needed -lgcc_s --pop-state /usr/lib/gcc/x86_64-alpine-linux-musl/9.3.0/crtendS.o /usr/lib/gcc/x86_64-alpine-linux-musl/9.3.0/../../../../lib/crtn.o
COLLECT_GCC_OPTIONS='-v' '-rdynamic' '-o' 'cmTC_18d65' '-mtune=generic' '-march=x86-64'
make[1]: Leaving directory '/home/dan/repos/tuitube/build/CMakeFiles/CMakeTmp'



Parsed C implicit include dir info from above output: rv=done
  found start of include info
  found start of implicit include info
    add: [/usr/local/include]
    add: [/usr/include/fortify]
    add: [/usr/include]
    add: [/usr/lib/gcc/x86_64-alpine-linux-musl/9.3.0/include]
  end of search list found
  collapse include dir [/usr/local/include] ==> [/usr/local/include]
  collapse include dir [/usr/include/fortify] ==> [/usr/include/fortify]
  collapse include dir [/usr/include] ==> [/usr/include]
  collapse include dir [/usr/lib/gcc/x86_64-alpine-linux-musl/9.3.0/include] ==> [/usr/lib/gcc/x86_64-alpine-linux-musl/9.3.0/include]
  implicit include dirs: [/usr/local/include;/usr/include/fortify;/usr/include;/usr/lib/gcc/x86_64-alpine-linux-musl/9.3.0/include]


Parsed C implicit link information from above output:
  link line regex: [^( *|.*[/\])(ld|CMAKE_LINK_STARTFILE-NOTFOUND|([^/\]+-)?ld|collect2)[^/\]*( |$)]
  ignore line: [Change Dir: /home/dan/repos/tuitube/build/CMakeFiles/CMakeTmp]
  ignore line: []
  ignore line: [Run Build Command(s):/usr/bin/make cmTC_18d65/fast && /usr/bin/make  -f CMakeFiles/cmTC_18d65.dir/build.make CMakeFiles/cmTC_18d65.dir/build]
  ignore line: [make[1]: Entering directory '/home/dan/repos/tuitube/build/CMakeFiles/CMakeTmp']
  ignore line: [Building C object CMakeFiles/cmTC_18d65.dir/CMakeCCompilerABI.c.o]
  ignore line: [/usr/bin/cc   -v -o CMakeFiles/cmTC_18d65.dir/CMakeCCompilerABI.c.o   -c /usr/share/cmake/Modules/CMakeCCompilerABI.c]
  ignore line: [Using built-in specs.]
  ignore line: [COLLECT_GCC=/usr/bin/cc]
  ignore line: [Target: x86_64-alpine-linux-musl]
  ignore line: [Configured with: /home/buildozer/aports/main/gcc/src/gcc-9.3.0/configure --prefix=/usr --mandir=/usr/share/man --infodir=/usr/share/info --build=x86_64-alpine-linux-musl --host=x86_64-alpine-linux-musl --target=x86_64-alpine-linux-musl --with-pkgversion='Alpine 9.3.0' --enable-checking=release --disable-fixed-point --disable-libstdcxx-pch --disable-multilib --disable-nls --disable-werror --disable-symvers --enable-__cxa_atexit --enable-default-pie --enable-default-ssp --enable-cloog-backend --enable-languages=c c++ d objc fortran ada --disable-libssp --disable-libmpx --disable-libmudflap --disable-libsanitizer --enable-shared --enable-threads --enable-tls --with-system-zlib --with-linker-hash-style=gnu]
  ignore line: [Thread model: posix]
  ignore line: [gcc version 9.3.0 (Alpine 9.3.0) ]
  ignore line: [COLLECT_GCC_OPTIONS='-v' '-o' 'CMakeFiles/cmTC_18d65.dir/CMakeCCompilerABI.c.o' '-c' '-mtune=generic' '-march=x86-64']
  ignore line: [ /usr/libexec/gcc/x86_64-alpine-linux-musl/9.3.0/cc1 -quiet -v /usr/share/cmake/Modules/CMakeCCompilerABI.c -quiet -dumpbase CMakeCCompilerABI.c -mtune=generic -march=x86-64 -auxbase-strip CMakeFiles/cmTC_18d65.dir/CMakeCCompilerABI.c.o -version -o /tmp/ccIKPblN.s]
  ignore line: [GNU C17 (Alpine 9.3.0) version 9.3.0 (x86_64-alpine-linux-musl)]
  ignore line: [	compiled by GNU C version 9.3.0  GMP version 6.2.0  MPFR version 4.0.2  MPC version 1.1.0  isl version isl-0.18-GMP]
  ignore line: []
  ignore line: [GGC heuristics: --param ggc-min-expand=100 --param ggc-min-heapsize=131072]
  ignore line: [ignoring nonexistent directory "/usr/lib/gcc/x86_64-alpine-linux-musl/9.3.0/../../../../x86_64-alpine-linux-musl/include"]
  ignore line: [#include "..." search starts here:]
  ignore line: [#include <...> search starts here:]
  ignore line: [ /usr/local/include]
  ignore line: [ /usr/include/fortify]
  ignore line: [ /usr/include]
  ignore line: [ /usr/lib/gcc/x86_64-alpine-linux-musl/9.3.0/include]
  ignore line: [End of search list.]
  ignore line: [GNU C17 (Alpine 9.3.0) version 9.3.0 (x86_64-alpine-linux-musl)]
  ignore line: [	compiled by GNU C version 9.3.0  GMP version 6.2.0  MPFR version 4.0.2  MPC version 1.1.0  isl version isl-0.18-GMP]
  ignore line: []
  ignore line: [GGC heuristics: --param ggc-min-expand=100 --param ggc-min-heapsize=131072]
  ignore line: [Compiler executable checksum: 501c05d615d8f797a5937479b6573636]
  ignore line: [COLLECT_GCC_OPTIONS='-v' '-o' 'CMakeFiles/cmTC_18d65.dir/CMakeCCompilerABI.c.o' '-c' '-mtune=generic' '-march=x86-64']
  ignore line: [ /usr/lib/gcc/x86_64-alpine-linux-musl/9.3.0/../../../../x86_64-alpine-linux-musl/bin/as -v --64 -o CMakeFiles/cmTC_18d65.dir/CMakeCCompilerABI.c.o /tmp/ccIKPblN.s]
  ignore line: [GNU assembler version 2.34 (x86_64-alpine-linux-musl) using BFD version (GNU Binutils) 2.34]
  ignore line: [COMPILER_PATH=/usr/libexec/gcc/x86_64-alpine-linux-musl/9.3.0/:/usr/libexec/gcc/x86_64-alpine-linux-musl/9.3.0/:/usr/libexec/gcc/x86_64-alpine-linux-musl/:/usr/lib/gcc/x86_64-alpine-linux-musl/9.3.0/:/usr/lib/gcc/x86_64-alpine-linux-musl/:/usr/lib/gcc/x86_64-alpine-linux-musl/9.3.0/../../../../x86_64-alpine-linux-musl/bin/]
  ignore line: [LIBRARY_PATH=/usr/lib/gcc/x86_64-alpine-linux-musl/9.3.0/:/usr/lib/gcc/x86_64-alpine-linux-musl/9.3.0/../../../../x86_64-alpine-linux-musl/lib/../lib/:/usr/lib/gcc/x86_64-alpine-linux-musl/9.3.0/../../../../lib/:/lib/../lib/:/usr/lib/../lib/:/usr/lib/gcc/x86_64-alpine-linux-musl/9.3.0/../../../../x86_64-alpine-linux-musl/lib/:/usr/lib/gcc/x86_64-alpine-linux-musl/9.3.0/../../../:/lib/:/usr/lib/]
  ignore line: [COLLECT_GCC_OPTIONS='-v' '-o' 'CMakeFiles/cmTC_18d65.dir/CMakeCCompilerABI.c.o' '-c' '-mtune=generic' '-march=x86-64']
  ignore line: [Linking C executable cmTC_18d65]
  ignore line: [/usr/bin/cmake -E cmake_link_script CMakeFiles/cmTC_18d65.dir/link.txt --verbose=1]
  ignore line: [/usr/bin/cc     -v -rdynamic CMakeFiles/cmTC_18d65.dir/CMakeCCompilerABI.c.o  -o cmTC_18d65 ]
  ignore line: [Using built-in specs.]
  ignore line: [COLLECT_GCC=/usr/bin/cc]
  ignore line: [COLLECT_LTO_WRAPPER=/usr/libexec/gcc/x86_64-alpine-linux-musl/9.3.0/lto-wrapper]
  ignore line: [Target: x86_64-alpine-linux-musl]
  ignore line: [Configured with: /home/buildozer/aports/main/gcc/src/gcc-9.3.0/configure --prefix=/usr --mandir=/usr/share/man --infodir=/usr/share/info --build=x86_64-alpine-linux-musl --host=x86_64-alpine-linux-musl --target=x86_64-alpine-linux-musl --with-pkgversion='Alpine 9.3.0' --enable-checking=release --disable-fixed-point --disable-libstdcxx-pch --disable-multilib --disable-nls --disable-werror --disable-symvers --enable-__cxa_atexit --enable-default-pie --enable-default-ssp --enable-cloog-backend --enable-languages=c c++ d objc fortran ada --disable-libssp --disable-libmpx --disable-libmudflap --disable-libsanitizer --enable-shared --enable-threads --enable-tls --with-system-zlib --with-linker-hash-style=gnu]
  ignore line: [Thread model: posix]
  ignore line: [gcc version 9.3.0 (Alpine 9.3.0) ]
  ignore line: [COMPILER_PATH=/usr/libexec/gcc/x86_64-alpine-linux-musl/9.3.0/:/usr/libexec/gcc/x86_64-alpine-linux-musl/9.3.0/:/usr/libexec/gcc/x86_64-alpine-linux-musl/:/usr/lib/gcc/x86_64-alpine-linux-musl/9.3.0/:/usr/lib/gcc/x86_64-alpine-linux-musl/:/usr/lib/gcc/x86_64-alpine-linux-musl/9.3.0/../../../../x86_64-alpine-linux-musl/bin/]
  ignore line: [LIBRARY_PATH=/usr/lib/gcc/x86_64-alpine-linux-musl/9.3.0/:/usr/lib/gcc/x86_64-alpine-linux-musl/9.3.0/../../../../x86_64-alpine-linux-musl/lib/../lib/:/usr/lib/gcc/x86_64-alpine-linux-musl/9.3.0/../../../../lib/:/lib/../lib/:/usr/lib/../lib/:/usr/lib/gcc/x86_64-alpine-linux-musl/9.3.0/../../../../x86_64-alpine-linux-musl/lib/:/usr/lib/gcc/x86_64-alpine-linux-musl/9.3.0/../../../:/lib/:/usr/lib/]
  ignore line: [COLLECT_GCC_OPTIONS='-v' '-rdynamic' '-o' 'cmTC_18d65' '-mtune=generic' '-march=x86-64']
  link line: [ /usr/libexec/gcc/x86_64-alpine-linux-musl/9.3.0/collect2 -plugin /usr/libexec/gcc/x86_64-alpine-linux-musl/9.3.0/liblto_plugin.so -plugin-opt=/usr/libexec/gcc/x86_64-alpine-linux-musl/9.3.0/lto-wrapper -plugin-opt=-fresolution=/tmp/ccfgmfcD.res -plugin-opt=-pass-through=-lgcc -plugin-opt=-pass-through=-lgcc_s -plugin-opt=-pass-through=-lc -plugin-opt=-pass-through=-lgcc -plugin-opt=-pass-through=-lgcc_s --eh-frame-hdr --hash-style=gnu -m elf_x86_64 --as-needed -export-dynamic -dynamic-linker /lib/ld-musl-x86_64.so.1 -pie -z relro -z now -o cmTC_18d65 /usr/lib/gcc/x86_64-alpine-linux-musl/9.3.0/../../../../lib/Scrt1.o /usr/lib/gcc/x86_64-alpine-linux-musl/9.3.0/../../../../lib/crti.o /usr/lib/gcc/x86_64-alpine-linux-musl/9.3.0/crtbeginS.o -L/usr/lib/gcc/x86_64-alpine-linux-musl/9.3.0 -L/usr/lib/gcc/x86_64-alpine-linux-musl/9.3.0/../../../../x86_64-alpine-linux-musl/lib/../lib -L/usr/lib/gcc/x86_64-alpine-linux-musl/9.3.0/../../../../lib -L/lib/../lib -L/usr/lib/../lib -L/usr/lib/gcc/x86_64-alpine-linux-musl/9.3.0/../../../../x86_64-alpine-linux-musl/lib -L/usr/lib/gcc/x86_64-alpine-linux-musl/9.3.0/../../.. CMakeFiles/cmTC_18d65.dir/CMakeCCompilerABI.c.o -lssp_nonshared -lgcc --push-state --as-needed -lgcc_s --pop-state -lc -lgcc --push-state --as-needed -lgcc_s --pop-state /usr/lib/gcc/x86_64-alpine-linux-musl/9.3.0/crtendS.o /usr/lib/gcc/x86_64-alpine-linux-musl/9.3.0/../../../../lib/crtn.o]
    arg [/usr/libexec/gcc/x86_64-alpine-linux-musl/9.3.0/collect2] ==> ignore
    arg [-plugin] ==> ignore
    arg [/usr/libexec/gcc/x86_64-alpine-linux-musl/9.3.0/liblto_plugin.so] ==> ignore
    arg [-plugin-opt=/usr/libexec/gcc/x86_64-alpine-linux-musl/9.3.0/lto-wrapper] ==> ignore
    arg [-plugin-opt=-fresolution=/tmp/ccfgmfcD.res] ==> ignore
    arg [-plugin-opt=-pass-through=-lgcc] ==> ignore
    arg [-plugin-opt=-pass-through=-lgcc_s] ==> ignore
    arg [-plugin-opt=-pass-through=-lc] ==> ignore
    arg [-plugin-opt=-pass-through=-lgcc] ==> ignore
    arg [-plugin-opt=-pass-through=-lgcc_s] ==> ignore
    arg [--eh-frame-hdr] ==> ignore
    arg [--hash-style=gnu] ==> ignore
    arg [-m] ==> ignore
    arg [elf_x86_64] ==> ignore
    arg [--as-needed] ==> ignore
    arg [-export-dynamic] ==> ignore
    arg [-dynamic-linker] ==> ignore
    arg [/lib/ld-musl-x86_64.so.1] ==> ignore
    arg [-pie] ==> ignore
    arg [-zrelro] ==> ignore
    arg [-znow] ==> ignore
    arg [-o] ==> ignore
    arg [cmTC_18d65] ==> ignore
    arg [/usr/lib/gcc/x86_64-alpine-linux-musl/9.3.0/../../../../lib/Scrt1.o] ==> ignore
    arg [/usr/lib/gcc/x86_64-alpine-linux-musl/9.3.0/../../../../lib/crti.o] ==> ignore
    arg [/usr/lib/gcc/x86_64-alpine-linux-musl/9.3.0/crtbeginS.o] ==> ignore
    arg [-L/usr/lib/gcc/x86_64-alpine-linux-musl/9.3.0] ==> dir [/usr/lib/gcc/x86_64-alpine-linux-musl/9.3.0]
    arg [-L/usr/lib/gcc/x86_64-alpine-linux-musl/9.3.0/../../../../x86_64-alpine-linux-musl/lib/../lib] ==> dir [/usr/lib/gcc/x86_64-alpine-linux-musl/9.3.0/../../../../x86_64-alpine-linux-musl/lib/../lib]
    arg [-L/usr/lib/gcc/x86_64-alpine-linux-musl/9.3.0/../../../../lib] ==> dir [/usr/lib/gcc/x86_64-alpine-linux-musl/9.3.0/../../../../lib]
    arg [-L/lib/../lib] ==> dir [/lib/../lib]
    arg [-L/usr/lib/../lib] ==> dir [/usr/lib/../lib]
    arg [-L/usr/lib/gcc/x86_64-alpine-linux-musl/9.3.0/../../../../x86_64-alpine-linux-musl/lib] ==> dir [/usr/lib/gcc/x86_64-alpine-linux-musl/9.3.0/../../../../x86_64-alpine-linux-musl/lib]
    arg [-L/usr/lib/gcc/x86_64-alpine-linux-musl/9.3.0/../../..] ==> dir [/usr/lib/gcc/x86_64-alpine-linux-musl/9.3.0/../../..]
    arg [CMakeFiles/cmTC_18d65.dir/CMakeCCompilerABI.c.o] ==> ignore
    arg [-lssp_nonshared] ==> lib [ssp_nonshared]
    arg [-lgcc] ==> lib [gcc]
    arg [--push-state] ==> ignore
    arg [--as-needed] ==> ignore
    arg [-lgcc_s] ==> lib [gcc_s]
    arg [--pop-state] ==> ignore
    arg [-lc] ==> lib [c]
    arg [-lgcc] ==> lib [gcc]
    arg [--push-state] ==> ignore
    arg [--as-needed] ==> ignore
    arg [-lgcc_s] ==> lib [gcc_s]
    arg [--pop-state] ==> ignore
    arg [/usr/lib/gcc/x86_64-alpine-linux-musl/9.3.0/crtendS.o] ==> ignore
    arg [/usr/lib/gcc/x86_64-alpine-linux-musl/9.3.0/../../../../lib/crtn.o] ==> ignore
  collapse library dir [/usr/lib/gcc/x86_64-alpine-linux-musl/9.3.0] ==> [/usr/lib/gcc/x86_64-alpine-linux-musl/9.3.0]
  collapse library dir [/usr/lib/gcc/x86_64-alpine-linux-musl/9.3.0/../../../../x86_64-alpine-linux-musl/lib/../lib] ==> [/usr/x86_64-alpine-linux-musl/lib]
  collapse library dir [/usr/lib/gcc/x86_64-alpine-linux-musl/9.3.0/../../../../lib] ==> [/usr/lib]
  collapse library dir [/lib/../lib] ==> [/lib]
  collapse library dir [/usr/lib/../lib] ==> [/usr/lib]
  collapse library dir [/usr/lib/gcc/x86_64-alpine-linux-musl/9.3.0/../../../../x86_64-alpine-linux-musl/lib] ==> [/usr/x86_64-alpine-linux-musl/lib]
  collapse library dir [/usr/lib/gcc/x86_64-alpine-linux-musl/9.3.0/../../..] ==> [/usr/lib]
  implicit libs: [ssp_nonshared;gcc;gcc_s;c;gcc;gcc_s]
  implicit dirs: [/usr/lib/gcc/x86_64-alpine-linux-musl/9.3.0;/usr/x86_64-alpine-linux-musl/lib;/usr/lib;/lib]
  implicit fwks: []


Determining if the CXX compiler works passed with the following output:
Change Dir: /home/dan/repos/tuitube/build/CMakeFiles/CMakeTmp

Run Build Command(s):/usr/bin/make cmTC_d0372/fast && /usr/bin/make  -f CMakeFiles/cmTC_d0372.dir/build.make CMakeFiles/cmTC_d0372.dir/build
make[1]: Entering directory '/home/dan/repos/tuitube/build/CMakeFiles/CMakeTmp'
Building CXX object CMakeFiles/cmTC_d0372.dir/testCXXCompiler.cxx.o
/usr/bin/c++     -o CMakeFiles/cmTC_d0372.dir/testCXXCompiler.cxx.o -c /home/dan/repos/tuitube/build/CMakeFiles/CMakeTmp/testCXXCompiler.cxx
Linking CXX executable cmTC_d0372
/usr/bin/cmake -E cmake_link_script CMakeFiles/cmTC_d0372.dir/link.txt --verbose=1
/usr/bin/c++       -rdynamic CMakeFiles/cmTC_d0372.dir/testCXXCompiler.cxx.o  -o cmTC_d0372 
make[1]: Leaving directory '/home/dan/repos/tuitube/build/CMakeFiles/CMakeTmp'



Detecting CXX compiler ABI info compiled with the following output:
Change Dir: /home/dan/repos/tuitube/build/CMakeFiles/CMakeTmp

Run Build Command(s):/usr/bin/make cmTC_ece24/fast && /usr/bin/make  -f CMakeFiles/cmTC_ece24.dir/build.make CMakeFiles/cmTC_ece24.dir/build
make[1]: Entering directory '/home/dan/repos/tuitube/build/CMakeFiles/CMakeTmp'
Building CXX object CMakeFiles/cmTC_ece24.dir/CMakeCXXCompilerABI.cpp.o
/usr/bin/c++    -v -o CMakeFiles/cmTC_ece24.dir/CMakeCXXCompilerABI.cpp.o -c /usr/share/cmake/Modules/CMakeCXXCompilerABI.cpp
Using built-in specs.
COLLECT_GCC=/usr/bin/c++
Target: x86_64-alpine-linux-musl
Configured with: /home/buildozer/aports/main/gcc/src/gcc-9.3.0/configure --prefix=/usr --mandir=/usr/share/man --infodir=/usr/share/info --build=x86_64-alpine-linux-musl --host=x86_64-alpine-linux-musl --target=x86_64-alpine-linux-musl --with-pkgversion='Alpine 9.3.0' --enable-checking=release --disable-fixed-point --disable-libstdcxx-pch --disable-multilib --disable-nls --disable-werror --disable-symvers --enable-__cxa_atexit --enable-default-pie --enable-default-ssp --enable-cloog-backend --enable-languages=c,c++,d,objc,fortran,ada --disable-libssp --disable-libmpx --disable-libmudflap --disable-libsanitizer --enable-shared --enable-threads --enable-tls --with-system-zlib --with-linker-hash-style=gnu
Thread model: posix
gcc version 9.3.0 (Alpine 9.3.0) 
COLLECT_GCC_OPTIONS='-v' '-o' 'CMakeFiles/cmTC_ece24.dir/CMakeCXXCompilerABI.cpp.o' '-c' '-shared-libgcc' '-mtune=generic' '-march=x86-64'
 /usr/libexec/gcc/x86_64-alpine-linux-musl/9.3.0/cc1plus -quiet -v -D_GNU_SOURCE /usr/share/cmake/Modules/CMakeCXXCompilerABI.cpp -quiet -dumpbase CMakeCXXCompilerABI.cpp -mtune=generic -march=x86-64 -auxbase-strip CMakeFiles/cmTC_ece24.dir/CMakeCXXCompilerABI.cpp.o -version -o /tmp/ccldPdEB.s
GNU C++14 (Alpine 9.3.0) version 9.3.0 (x86_64-alpine-linux-musl)
	compiled by GNU C version 9.3.0, GMP version 6.2.0, MPFR version 4.0.2, MPC version 1.1.0, isl version isl-0.18-GMP

GGC heuristics: --param ggc-min-expand=100 --param ggc-min-heapsize=131072
ignoring nonexistent directory "/usr/lib/gcc/x86_64-alpine-linux-musl/9.3.0/../../../../x86_64-alpine-linux-musl/include"
#include "..." search starts here:
#include <...> search starts here:
 /usr/lib/gcc/x86_64-alpine-linux-musl/9.3.0/../../../../include/c++/9.3.0
 /usr/lib/gcc/x86_64-alpine-linux-musl/9.3.0/../../../../include/c++/9.3.0/x86_64-alpine-linux-musl
 /usr/lib/gcc/x86_64-alpine-linux-musl/9.3.0/../../../../include/c++/9.3.0/backward
 /usr/local/include
 /usr/include/fortify
 /usr/include
 /usr/lib/gcc/x86_64-alpine-linux-musl/9.3.0/include
End of search list.
GNU C++14 (Alpine 9.3.0) version 9.3.0 (x86_64-alpine-linux-musl)
	compiled by GNU C version 9.3.0, GMP version 6.2.0, MPFR version 4.0.2, MPC version 1.1.0, isl version isl-0.18-GMP

GGC heuristics: --param ggc-min-expand=100 --param ggc-min-heapsize=131072
Compiler executable checksum: 278626a2eacd03d843e75b582f350163
COLLECT_GCC_OPTIONS='-v' '-o' 'CMakeFiles/cmTC_ece24.dir/CMakeCXXCompilerABI.cpp.o' '-c' '-shared-libgcc' '-mtune=generic' '-march=x86-64'
 /usr/lib/gcc/x86_64-alpine-linux-musl/9.3.0/../../../../x86_64-alpine-linux-musl/bin/as -v --64 -o CMakeFiles/cmTC_ece24.dir/CMakeCXXCompilerABI.cpp.o /tmp/ccldPdEB.s
GNU assembler version 2.34 (x86_64-alpine-linux-musl) using BFD version (GNU Binutils) 2.34
COMPILER_PATH=/usr/libexec/gcc/x86_64-alpine-linux-musl/9.3.0/:/usr/libexec/gcc/x86_64-alpine-linux-musl/9.3.0/:/usr/libexec/gcc/x86_64-alpine-linux-musl/:/usr/lib/gcc/x86_64-alpine-linux-musl/9.3.0/:/usr/lib/gcc/x86_64-alpine-linux-musl/:/usr/lib/gcc/x86_64-alpine-linux-musl/9.3.0/../../../../x86_64-alpine-linux-musl/bin/
LIBRARY_PATH=/usr/lib/gcc/x86_64-alpine-linux-musl/9.3.0/:/usr/lib/gcc/x86_64-alpine-linux-musl/9.3.0/../../../../x86_64-alpine-linux-musl/lib/../lib/:/usr/lib/gcc/x86_64-alpine-linux-musl/9.3.0/../../../../lib/:/lib/../lib/:/usr/lib/../lib/:/usr/lib/gcc/x86_64-alpine-linux-musl/9.3.0/../../../../x86_64-alpine-linux-musl/lib/:/usr/lib/gcc/x86_64-alpine-linux-musl/9.3.0/../../../:/lib/:/usr/lib/
COLLECT_GCC_OPTIONS='-v' '-o' 'CMakeFiles/cmTC_ece24.dir/CMakeCXXCompilerABI.cpp.o' '-c' '-shared-libgcc' '-mtune=generic' '-march=x86-64'
Linking CXX executable cmTC_ece24
/usr/bin/cmake -E cmake_link_script CMakeFiles/cmTC_ece24.dir/link.txt --verbose=1
/usr/bin/c++      -v -rdynamic CMakeFiles/cmTC_ece24.dir/CMakeCXXCompilerABI.cpp.o  -o cmTC_ece24 
Using built-in specs.
COLLECT_GCC=/usr/bin/c++
COLLECT_LTO_WRAPPER=/usr/libexec/gcc/x86_64-alpine-linux-musl/9.3.0/lto-wrapper
Target: x86_64-alpine-linux-musl
Configured with: /home/buildozer/aports/main/gcc/src/gcc-9.3.0/configure --prefix=/usr --mandir=/usr/share/man --infodir=/usr/share/info --build=x86_64-alpine-linux-musl --host=x86_64-alpine-linux-musl --target=x86_64-alpine-linux-musl --with-pkgversion='Alpine 9.3.0' --enable-checking=release --disable-fixed-point --disable-libstdcxx-pch --disable-multilib --disable-nls --disable-werror --disable-symvers --enable-__cxa_atexit --enable-default-pie --enable-default-ssp --enable-cloog-backend --enable-languages=c,c++,d,objc,fortran,ada --disable-libssp --disable-libmpx --disable-libmudflap --disable-libsanitizer --enable-shared --enable-threads --enable-tls --with-system-zlib --with-linker-hash-style=gnu
Thread model: posix
gcc version 9.3.0 (Alpine 9.3.0) 
COMPILER_PATH=/usr/libexec/gcc/x86_64-alpine-linux-musl/9.3.0/:/usr/libexec/gcc/x86_64-alpine-linux-musl/9.3.0/:/usr/libexec/gcc/x86_64-alpine-linux-musl/:/usr/lib/gcc/x86_64-alpine-linux-musl/9.3.0/:/usr/lib/gcc/x86_64-alpine-linux-musl/:/usr/lib/gcc/x86_64-alpine-linux-musl/9.3.0/../../../../x86_64-alpine-linux-musl/bin/
LIBRARY_PATH=/usr/lib/gcc/x86_64-alpine-linux-musl/9.3.0/:/usr/lib/gcc/x86_64-alpine-linux-musl/9.3.0/../../../../x86_64-alpine-linux-musl/lib/../lib/:/usr/lib/gcc/x86_64-alpine-linux-musl/9.3.0/../../../../lib/:/lib/../lib/:/usr/lib/../lib/:/usr/lib/gcc/x86_64-alpine-linux-musl/9.3.0/../../../../x86_64-alpine-linux-musl/lib/:/usr/lib/gcc/x86_64-alpine-linux-musl/9.3.0/../../../:/lib/:/usr/lib/
COLLECT_GCC_OPTIONS='-v' '-rdynamic' '-o' 'cmTC_ece24' '-shared-libgcc' '-mtune=generic' '-march=x86-64'
 /usr/libexec/gcc/x86_64-alpine-linux-musl/9.3.0/collect2 -plugin /usr/libexec/gcc/x86_64-alpine-linux-musl/9.3.0/liblto_plugin.so -plugin-opt=/usr/libexec/gcc/x86_64-alpine-linux-musl/9.3.0/lto-wrapper -plugin-opt=-fresolution=/tmp/ccBLEMbA.res -plugin-opt=-pass-through=-lgcc_s -plugin-opt=-pass-through=-lgcc -plugin-opt=-pass-through=-lc -plugin-opt=-pass-through=-lgcc_s -plugin-opt=-pass-through=-lgcc --eh-frame-hdr --hash-style=gnu -m elf_x86_64 --as-needed -export-dynamic -dynamic-linker /lib/ld-musl-x86_64.so.1 -pie -z relro -z now -o cmTC_ece24 /usr/lib/gcc/x86_64-alpine-linux-musl/9.3.0/../../../../lib/Scrt1.o /usr/lib/gcc/x86_64-alpine-linux-musl/9.3.0/../../../../lib/crti.o /usr/lib/gcc/x86_64-alpine-linux-musl/9.3.0/crtbeginS.o -L/usr/lib/gcc/x86_64-alpine-linux-musl/9.3.0 -L/usr/lib/gcc/x86_64-alpine-linux-musl/9.3.0/../../../../x86_64-alpine-linux-musl/lib/../lib -L/usr/lib/gcc/x86_64-alpine-linux-musl/9.3.0/../../../../lib -L/lib/../lib -L/usr/lib/../lib -L/usr/lib/gcc/x86_64-alpine-linux-musl/9.3.0/../../../../x86_64-alpine-linux-musl/lib -L/usr/lib/gcc/x86_64-alpine-linux-musl/9.3.0/../../.. CMakeFiles/cmTC_ece24.dir/CMakeCXXCompilerABI.cpp.o -lstdc++ -lm -lssp_nonshared -lgcc_s -lgcc -lc -lgcc_s -lgcc /usr/lib/gcc/x86_64-alpine-linux-musl/9.3.0/crtendS.o /usr/lib/gcc/x86_64-alpine-linux-musl/9.3.0/../../../../lib/crtn.o
COLLECT_GCC_OPTIONS='-v' '-rdynamic' '-o' 'cmTC_ece24' '-shared-libgcc' '-mtune=generic' '-march=x86-64'
make[1]: Leaving directory '/home/dan/repos/tuitube/build/CMakeFiles/CMakeTmp'



Parsed CXX implicit include dir info from above output: rv=done
  found start of include info
  found start of implicit include info
    add: [/usr/lib/gcc/x86_64-alpine-linux-musl/9.3.0/../../../../include/c++/9.3.0]
    add: [/usr/lib/gcc/x86_64-alpine-linux-musl/9.3.0/../../../../include/c++/9.3.0/x86_64-alpine-linux-musl]
    add: [/usr/lib/gcc/x86_64-alpine-linux-musl/9.3.0/../../../../include/c++/9.3.0/backward]
    add: [/usr/local/include]
    add: [/usr/include/fortify]
    add: [/usr/include]
    add: [/usr/lib/gcc/x86_64-alpine-linux-musl/9.3.0/include]
  end of search list found
  collapse include dir [/usr/lib/gcc/x86_64-alpine-linux-musl/9.3.0/../../../../include/c++/9.3.0] ==> [/usr/include/c++/9.3.0]
  collapse include dir [/usr/lib/gcc/x86_64-alpine-linux-musl/9.3.0/../../../../include/c++/9.3.0/x86_64-alpine-linux-musl] ==> [/usr/include/c++/9.3.0/x86_64-alpine-linux-musl]
  collapse include dir [/usr/lib/gcc/x86_64-alpine-linux-musl/9.3.0/../../../../include/c++/9.3.0/backward] ==> [/usr/include/c++/9.3.0/backward]
  collapse include dir [/usr/local/include] ==> [/usr/local/include]
  collapse include dir [/usr/include/fortify] ==> [/usr/include/fortify]
  collapse include dir [/usr/include] ==> [/usr/include]
  collapse include dir [/usr/lib/gcc/x86_64-alpine-linux-musl/9.3.0/include] ==> [/usr/lib/gcc/x86_64-alpine-linux-musl/9.3.0/include]
  implicit include dirs: [/usr/include/c++/9.3.0;/usr/include/c++/9.3.0/x86_64-alpine-linux-musl;/usr/include/c++/9.3.0/backward;/usr/local/include;/usr/include/fortify;/usr/include;/usr/lib/gcc/x86_64-alpine-linux-musl/9.3.0/include]


Parsed CXX implicit link information from above output:
  link line regex: [^( *|.*[/\])(ld|CMAKE_LINK_STARTFILE-NOTFOUND|([^/\]+-)?ld|collect2)[^/\]*( |$)]
  ignore line: [Change Dir: /home/dan/repos/tuitube/build/CMakeFiles/CMakeTmp]
  ignore line: []
  ignore line: [Run Build Command(s):/usr/bin/make cmTC_ece24/fast && /usr/bin/make  -f CMakeFiles/cmTC_ece24.dir/build.make CMakeFiles/cmTC_ece24.dir/build]
  ignore line: [make[1]: Entering directory '/home/dan/repos/tuitube/build/CMakeFiles/CMakeTmp']
  ignore line: [Building CXX object CMakeFiles/cmTC_ece24.dir/CMakeCXXCompilerABI.cpp.o]
  ignore line: [/usr/bin/c++    -v -o CMakeFiles/cmTC_ece24.dir/CMakeCXXCompilerABI.cpp.o -c /usr/share/cmake/Modules/CMakeCXXCompilerABI.cpp]
  ignore line: [Using built-in specs.]
  ignore line: [COLLECT_GCC=/usr/bin/c++]
  ignore line: [Target: x86_64-alpine-linux-musl]
  ignore line: [Configured with: /home/buildozer/aports/main/gcc/src/gcc-9.3.0/configure --prefix=/usr --mandir=/usr/share/man --infodir=/usr/share/info --build=x86_64-alpine-linux-musl --host=x86_64-alpine-linux-musl --target=x86_64-alpine-linux-musl --with-pkgversion='Alpine 9.3.0' --enable-checking=release --disable-fixed-point --disable-libstdcxx-pch --disable-multilib --disable-nls --disable-werror --disable-symvers --enable-__cxa_atexit --enable-default-pie --enable-default-ssp --enable-cloog-backend --enable-languages=c c++ d objc fortran ada --disable-libssp --disable-libmpx --disable-libmudflap --disable-libsanitizer --enable-shared --enable-threads --enable-tls --with-system-zlib --with-linker-hash-style=gnu]
  ignore line: [Thread model: posix]
  ignore line: [gcc version 9.3.0 (Alpine 9.3.0) ]
  ignore line: [COLLECT_GCC_OPTIONS='-v' '-o' 'CMakeFiles/cmTC_ece24.dir/CMakeCXXCompilerABI.cpp.o' '-c' '-shared-libgcc' '-mtune=generic' '-march=x86-64']
  ignore line: [ /usr/libexec/gcc/x86_64-alpine-linux-musl/9.3.0/cc1plus -quiet -v -D_GNU_SOURCE /usr/share/cmake/Modules/CMakeCXXCompilerABI.cpp -quiet -dumpbase CMakeCXXCompilerABI.cpp -mtune=generic -march=x86-64 -auxbase-strip CMakeFiles/cmTC_ece24.dir/CMakeCXXCompilerABI.cpp.o -version -o /tmp/ccldPdEB.s]
  ignore line: [GNU C++14 (Alpine 9.3.0) version 9.3.0 (x86_64-alpine-linux-musl)]
  ignore line: [	compiled by GNU C version 9.3.0  GMP version 6.2.0  MPFR version 4.0.2  MPC version 1.1.0  isl version isl-0.18-GMP]
  ignore line: []
  ignore line: [GGC heuristics: --param ggc-min-expand=100 --param ggc-min-heapsize=131072]
  ignore line: [ignoring nonexistent directory "/usr/lib/gcc/x86_64-alpine-linux-musl/9.3.0/../../../../x86_64-alpine-linux-musl/include"]
  ignore line: [#include "..." search starts here:]
  ignore line: [#include <...> search starts here:]
  ignore line: [ /usr/lib/gcc/x86_64-alpine-linux-musl/9.3.0/../../../../include/c++/9.3.0]
  ignore line: [ /usr/lib/gcc/x86_64-alpine-linux-musl/9.3.0/../../../../include/c++/9.3.0/x86_64-alpine-linux-musl]
  ignore line: [ /usr/lib/gcc/x86_64-alpine-linux-musl/9.3.0/../../../../include/c++/9.3.0/backward]
  ignore line: [ /usr/local/include]
  ignore line: [ /usr/include/fortify]
  ignore line: [ /usr/include]
  ignore line: [ /usr/lib/gcc/x86_64-alpine-linux-musl/9.3.0/include]
  ignore line: [End of search list.]
  ignore line: [GNU C++14 (Alpine 9.3.0) version 9.3.0 (x86_64-alpine-linux-musl)]
  ignore line: [	compiled by GNU C version 9.3.0  GMP version 6.2.0  MPFR version 4.0.2  MPC version 1.1.0  isl version isl-0.18-GMP]
  ignore line: []
  ignore line: [GGC heuristics: --param ggc-min-expand=100 --param ggc-min-heapsize=131072]
  ignore line: [Compiler executable checksum: 278626a2eacd03d843e75b582f350163]
  ignore line: [COLLECT_GCC_OPTIONS='-v' '-o' 'CMakeFiles/cmTC_ece24.dir/CMakeCXXCompilerABI.cpp.o' '-c' '-shared-libgcc' '-mtune=generic' '-march=x86-64']
  ignore line: [ /usr/lib/gcc/x86_64-alpine-linux-musl/9.3.0/../../../../x86_64-alpine-linux-musl/bin/as -v --64 -o CMakeFiles/cmTC_ece24.dir/CMakeCXXCompilerABI.cpp.o /tmp/ccldPdEB.s]
  ignore line: [GNU assembler version 2.34 (x86_64-alpine-linux-musl) using BFD version (GNU Binutils) 2.34]
  ignore line: [COMPILER_PATH=/usr/libexec/gcc/x86_64-alpine-linux-musl/9.3.0/:/usr/libexec/gcc/x86_64-alpine-linux-musl/9.3.0/:/usr/libexec/gcc/x86_64-alpine-linux-musl/:/usr/lib/gcc/x86_64-alpine-linux-musl/9.3.0/:/usr/lib/gcc/x86_64-alpine-linux-musl/:/usr/lib/gcc/x86_64-alpine-linux-musl/9.3.0/../../../../x86_64-alpine-linux-musl/bin/]
  ignore line: [LIBRARY_PATH=/usr/lib/gcc/x86_64-alpine-linux-musl/9.3.0/:/usr/lib/gcc/x86_64-alpine-linux-musl/9.3.0/../../../../x86_64-alpine-linux-musl/lib/../lib/:/usr/lib/gcc/x86_64-alpine-linux-musl/9.3.0/../../../../lib/:/lib/../lib/:/usr/lib/../lib/:/usr/lib/gcc/x86_64-alpine-linux-musl/9.3.0/../../../../x86_64-alpine-linux-musl/lib/:/usr/lib/gcc/x86_64-alpine-linux-musl/9.3.0/../../../:/lib/:/usr/lib/]
  ignore line: [COLLECT_GCC_OPTIONS='-v' '-o' 'CMakeFiles/cmTC_ece24.dir/CMakeCXXCompilerABI.cpp.o' '-c' '-shared-libgcc' '-mtune=generic' '-march=x86-64']
  ignore line: [Linking CXX executable cmTC_ece24]
  ignore line: [/usr/bin/cmake -E cmake_link_script CMakeFiles/cmTC_ece24.dir/link.txt --verbose=1]
  ignore line: [/usr/bin/c++      -v -rdynamic CMakeFiles/cmTC_ece24.dir/CMakeCXXCompilerABI.cpp.o  -o cmTC_ece24 ]
  ignore line: [Using built-in specs.]
  ignore line: [COLLECT_GCC=/usr/bin/c++]
  ignore line: [COLLECT_LTO_WRAPPER=/usr/libexec/gcc/x86_64-alpine-linux-musl/9.3.0/lto-wrapper]
  ignore line: [Target: x86_64-alpine-linux-musl]
  ignore line: [Configured with: /home/buildozer/aports/main/gcc/src/gcc-9.3.0/configure --prefix=/usr --mandir=/usr/share/man --infodir=/usr/share/info --build=x86_64-alpine-linux-musl --host=x86_64-alpine-linux-musl --target=x86_64-alpine-linux-musl --with-pkgversion='Alpine 9.3.0' --enable-checking=release --disable-fixed-point --disable-libstdcxx-pch --disable-multilib --disable-nls --disable-werror --disable-symvers --enable-__cxa_atexit --enable-default-pie --enable-default-ssp --enable-cloog-backend --enable-languages=c c++ d objc fortran ada --disable-libssp --disable-libmpx --disable-libmudflap --disable-libsanitizer --enable-shared --enable-threads --enable-tls --with-system-zlib --with-linker-hash-style=gnu]
  ignore line: [Thread model: posix]
  ignore line: [gcc version 9.3.0 (Alpine 9.3.0) ]
  ignore line: [COMPILER_PATH=/usr/libexec/gcc/x86_64-alpine-linux-musl/9.3.0/:/usr/libexec/gcc/x86_64-alpine-linux-musl/9.3.0/:/usr/libexec/gcc/x86_64-alpine-linux-musl/:/usr/lib/gcc/x86_64-alpine-linux-musl/9.3.0/:/usr/lib/gcc/x86_64-alpine-linux-musl/:/usr/lib/gcc/x86_64-alpine-linux-musl/9.3.0/../../../../x86_64-alpine-linux-musl/bin/]
  ignore line: [LIBRARY_PATH=/usr/lib/gcc/x86_64-alpine-linux-musl/9.3.0/:/usr/lib/gcc/x86_64-alpine-linux-musl/9.3.0/../../../../x86_64-alpine-linux-musl/lib/../lib/:/usr/lib/gcc/x86_64-alpine-linux-musl/9.3.0/../../../../lib/:/lib/../lib/:/usr/lib/../lib/:/usr/lib/gcc/x86_64-alpine-linux-musl/9.3.0/../../../../x86_64-alpine-linux-musl/lib/:/usr/lib/gcc/x86_64-alpine-linux-musl/9.3.0/../../../:/lib/:/usr/lib/]
  ignore line: [COLLECT_GCC_OPTIONS='-v' '-rdynamic' '-o' 'cmTC_ece24' '-shared-libgcc' '-mtune=generic' '-march=x86-64']
  link line: [ /usr/libexec/gcc/x86_64-alpine-linux-musl/9.3.0/collect2 -plugin /usr/libexec/gcc/x86_64-alpine-linux-musl/9.3.0/liblto_plugin.so -plugin-opt=/usr/libexec/gcc/x86_64-alpine-linux-musl/9.3.0/lto-wrapper -plugin-opt=-fresolution=/tmp/ccBLEMbA.res -plugin-opt=-pass-through=-lgcc_s -plugin-opt=-pass-through=-lgcc -plugin-opt=-pass-through=-lc -plugin-opt=-pass-through=-lgcc_s -plugin-opt=-pass-through=-lgcc --eh-frame-hdr --hash-style=gnu -m elf_x86_64 --as-needed -export-dynamic -dynamic-linker /lib/ld-musl-x86_64.so.1 -pie -z relro -z now -o cmTC_ece24 /usr/lib/gcc/x86_64-alpine-linux-musl/9.3.0/../../../../lib/Scrt1.o /usr/lib/gcc/x86_64-alpine-linux-musl/9.3.0/../../../../lib/crti.o /usr/lib/gcc/x86_64-alpine-linux-musl/9.3.0/crtbeginS.o -L/usr/lib/gcc/x86_64-alpine-linux-musl/9.3.0 -L/usr/lib/gcc/x86_64-alpine-linux-musl/9.3.0/../../../../x86_64-alpine-linux-musl/lib/../lib -L/usr/lib/gcc/x86_64-alpine-linux-musl/9.3.0/../../../../lib -L/lib/../lib -L/usr/lib/../lib -L/usr/lib/gcc/x86_64-alpine-linux-musl/9.3.0/../../../../x86_64-alpine-linux-musl/lib -L/usr/lib/gcc/x86_64-alpine-linux-musl/9.3.0/../../.. CMakeFiles/cmTC_ece24.dir/CMakeCXXCompilerABI.cpp.o -lstdc++ -lm -lssp_nonshared -lgcc_s -lgcc -lc -lgcc_s -lgcc /usr/lib/gcc/x86_64-alpine-linux-musl/9.3.0/crtendS.o /usr/lib/gcc/x86_64-alpine-linux-musl/9.3.0/../../../../lib/crtn.o]
    arg [/usr/libexec/gcc/x86_64-alpine-linux-musl/9.3.0/collect2] ==> ignore
    arg [-plugin] ==> ignore
    arg [/usr/libexec/gcc/x86_64-alpine-linux-musl/9.3.0/liblto_plugin.so] ==> ignore
    arg [-plugin-opt=/usr/libexec/gcc/x86_64-alpine-linux-musl/9.3.0/lto-wrapper] ==> ignore
    arg [-plugin-opt=-fresolution=/tmp/ccBLEMbA.res] ==> ignore
    arg [-plugin-opt=-pass-through=-lgcc_s] ==> ignore
    arg [-plugin-opt=-pass-through=-lgcc] ==> ignore
    arg [-plugin-opt=-pass-through=-lc] ==> ignore
    arg [-plugin-opt=-pass-through=-lgcc_s] ==> ignore
    arg [-plugin-opt=-pass-through=-lgcc] ==> ignore
    arg [--eh-frame-hdr] ==> ignore
    arg [--hash-style=gnu] ==> ignore
    arg [-m] ==> ignore
    arg [elf_x86_64] ==> ignore
    arg [--as-needed] ==> ignore
    arg [-export-dynamic] ==> ignore
    arg [-dynamic-linker] ==> ignore
    arg [/lib/ld-musl-x86_64.so.1] ==> ignore
    arg [-pie] ==> ignore
    arg [-zrelro] ==> ignore
    arg [-znow] ==> ignore
    arg [-o] ==> ignore
    arg [cmTC_ece24] ==> ignore
    arg [/usr/lib/gcc/x86_64-alpine-linux-musl/9.3.0/../../../../lib/Scrt1.o] ==> ignore
    arg [/usr/lib/gcc/x86_64-alpine-linux-musl/9.3.0/../../../../lib/crti.o] ==> ignore
    arg [/usr/lib/gcc/x86_64-alpine-linux-musl/9.3.0/crtbeginS.o] ==> ignore
    arg [-L/usr/lib/gcc/x86_64-alpine-linux-musl/9.3.0] ==> dir [/usr/lib/gcc/x86_64-alpine-linux-musl/9.3.0]
    arg [-L/usr/lib/gcc/x86_64-alpine-linux-musl/9.3.0/../../../../x86_64-alpine-linux-musl/lib/../lib] ==> dir [/usr/lib/gcc/x86_64-alpine-linux-musl/9.3.0/../../../../x86_64-alpine-linux-musl/lib/../lib]
    arg [-L/usr/lib/gcc/x86_64-alpine-linux-musl/9.3.0/../../../../lib] ==> dir [/usr/lib/gcc/x86_64-alpine-linux-musl/9.3.0/../../../../lib]
    arg [-L/lib/../lib] ==> dir [/lib/../lib]
    arg [-L/usr/lib/../lib] ==> dir [/usr/lib/../lib]
    arg [-L/usr/lib/gcc/x86_64-alpine-linux-musl/9.3.0/../../../../x86_64-alpine-linux-musl/lib] ==> dir [/usr/lib/gcc/x86_64-alpine-linux-musl/9.3.0/../../../../x86_64-alpine-linux-musl/lib]
    arg [-L/usr/lib/gcc/x86_64-alpine-linux-musl/9.3.0/../../..] ==> dir [/usr/lib/gcc/x86_64-alpine-linux-musl/9.3.0/../../..]
    arg [CMakeFiles/cmTC_ece24.dir/CMakeCXXCompilerABI.cpp.o] ==> ignore
    arg [-lstdc++] ==> lib [stdc++]
    arg [-lm] ==> lib [m]
    arg [-lssp_nonshared] ==> lib [ssp_nonshared]
    arg [-lgcc_s] ==> lib [gcc_s]
    arg [-lgcc] ==> lib [gcc]
    arg [-lc] ==> lib [c]
    arg [-lgcc_s] ==> lib [gcc_s]
    arg [-lgcc] ==> lib [gcc]
    arg [/usr/lib/gcc/x86_64-alpine-linux-musl/9.3.0/crtendS.o] ==> ignore
    arg [/usr/lib/gcc/x86_64-alpine-linux-musl/9.3.0/../../../../lib/crtn.o] ==> ignore
  collapse library dir [/usr/lib/gcc/x86_64-alpine-linux-musl/9.3.0] ==> [/usr/lib/gcc/x86_64-alpine-linux-musl/9.3.0]
  collapse library dir [/usr/lib/gcc/x86_64-alpine-linux-musl/9.3.0/../../../../x86_64-alpine-linux-musl/lib/../lib] ==> [/usr/x86_64-alpine-linux-musl/lib]
  collapse library dir [/usr/lib/gcc/x86_64-alpine-linux-musl/9.3.0/../../../../lib] ==> [/usr/lib]
  collapse library dir [/lib/../lib] ==> [/lib]
  collapse library dir [/usr/lib/../lib] ==> [/usr/lib]
  collapse library dir [/usr/lib/gcc/x86_64-alpine-linux-musl/9.3.0/../../../../x86_64-alpine-linux-musl/lib] ==> [/usr/x86_64-alpine-linux-musl/lib]
  collapse library dir [/usr/lib/gcc/x86_64-alpine-linux-musl/9.3.0/../../..] ==> [/usr/lib]
  implicit libs: [stdc++;m;ssp_nonshared;gcc_s;gcc;c;gcc_s;gcc]
  implicit dirs: [/usr/lib/gcc/x86_64-alpine-linux-musl/9.3.0;/usr/x86_64-alpine-linux-musl/lib;/usr/lib;/lib]
  implicit fwks: []


